102.10.16 16:54 B D:\Teaching\ECE510\MP_data\RUBIC_DATA\rubic.-1 <-- WS_FTP32 /a/fs3/files3/home/yingwu/Teaching/ECE510/MP_data/RUBIC_DATA rubic.-1
102.10.16 16:54 B D:\Teaching\ECE510\MP_data\RUBIC_DATA\rubic.0 <-- WS_FTP32 /a/fs3/files3/home/yingwu/Teaching/ECE510/MP_data/RUBIC_DATA rubic.0
102.10.16 16:54 B D:\Teaching\ECE510\MP_data\RUBIC_DATA\rubic.1 <-- WS_FTP32 /a/fs3/files3/home/yingwu/Teaching/ECE510/MP_data/RUBIC_DATA rubic.1
102.10.16 16:54 B D:\Teaching\ECE510\MP_data\RUBIC_DATA\rubic.10 <-- WS_FTP32 /a/fs3/files3/home/yingwu/Teaching/ECE510/MP_data/RUBIC_DATA rubic.10
102.10.16 16:54 B D:\Teaching\ECE510\MP_data\RUBIC_DATA\rubic.11 <-- WS_FTP32 /a/fs3/files3/home/yingwu/Teaching/ECE510/MP_data/RUBIC_DATA rubic.11
102.10.16 16:54 B D:\Teaching\ECE510\MP_data\RUBIC_DATA\rubic.12 <-- WS_FTP32 /a/fs3/files3/home/yingwu/Teaching/ECE510/MP_data/RUBIC_DATA rubic.12
102.10.16 16:54 B D:\Teaching\ECE510\MP_data\RUBIC_DATA\rubic.13 <-- WS_FTP32 /a/fs3/files3/home/yingwu/Teaching/ECE510/MP_data/RUBIC_DATA rubic.13
102.10.16 16:54 B D:\Teaching\ECE510\MP_data\RUBIC_DATA\rubic.14 <-- WS_FTP32 /a/fs3/files3/home/yingwu/Teaching/ECE510/MP_data/RUBIC_DATA rubic.14
102.10.16 16:54 B D:\Teaching\ECE510\MP_data\RUBIC_DATA\rubic.15 <-- WS_FTP32 /a/fs3/files3/home/yingwu/Teaching/ECE510/MP_data/RUBIC_DATA rubic.15
102.10.16 16:54 B D:\Teaching\ECE510\MP_data\RUBIC_DATA\rubic.16 <-- WS_FTP32 /a/fs3/files3/home/yingwu/Teaching/ECE510/MP_data/RUBIC_DATA rubic.16
102.10.16 16:54 B D:\Teaching\ECE510\MP_data\RUBIC_DATA\rubic.17 <-- WS_FTP32 /a/fs3/files3/home/yingwu/Teaching/ECE510/MP_data/RUBIC_DATA rubic.17
102.10.16 16:54 B D:\Teaching\ECE510\MP_data\RUBIC_DATA\rubic.18 <-- WS_FTP32 /a/fs3/files3/home/yingwu/Teaching/ECE510/MP_data/RUBIC_DATA rubic.18
102.10.16 16:54 B D:\Teaching\ECE510\MP_data\RUBIC_DATA\rubic.19 <-- WS_FTP32 /a/fs3/files3/home/yingwu/Teaching/ECE510/MP_data/RUBIC_DATA rubic.19
102.10.16 16:54 B D:\Teaching\ECE510\MP_data\RUBIC_DATA\rubic.2 <-- WS_FTP32 /a/fs3/files3/home/yingwu/Teaching/ECE510/MP_data/RUBIC_DATA rubic.2
102.10.16 16:54 B D:\Teaching\ECE510\MP_data\RUBIC_DATA\rubic.3 <-- WS_FTP32 /a/fs3/files3/home/yingwu/Teaching/ECE510/MP_data/RUBIC_DATA rubic.3
102.10.16 16:54 B D:\Teaching\ECE510\MP_data\RUBIC_DATA\rubic.4 <-- WS_FTP32 /a/fs3/files3/home/yingwu/Teaching/ECE510/MP_data/RUBIC_DATA rubic.4
102.10.16 16:54 B D:\Teaching\ECE510\MP_data\RUBIC_DATA\rubic.5 <-- WS_FTP32 /a/fs3/files3/home/yingwu/Teaching/ECE510/MP_data/RUBIC_DATA rubic.5
102.10.16 16:54 B D:\Teaching\ECE510\MP_data\RUBIC_DATA\rubic.6 <-- WS_FTP32 /a/fs3/files3/home/yingwu/Teaching/ECE510/MP_data/RUBIC_DATA rubic.6
102.10.16 16:54 B D:\Teaching\ECE510\MP_data\RUBIC_DATA\rubic.7 <-- WS_FTP32 /a/fs3/files3/home/yingwu/Teaching/ECE510/MP_data/RUBIC_DATA rubic.7
102.10.16 16:54 B D:\Teaching\ECE510\MP_data\RUBIC_DATA\rubic.8 <-- WS_FTP32 /a/fs3/files3/home/yingwu/Teaching/ECE510/MP_data/RUBIC_DATA rubic.8
102.10.16 16:54 B D:\Teaching\ECE510\MP_data\RUBIC_DATA\rubic.9 <-- WS_FTP32 /a/fs3/files3/home/yingwu/Teaching/ECE510/MP_data/RUBIC_DATA rubic.9
102.10.16 16:54 B D:\Teaching\ECE510\MP_data\RUBIC_DATA\x.ps <-- WS_FTP32 /a/fs3/files3/home/yingwu/Teaching/ECE510/MP_data/RUBIC_DATA x.ps
103.04.11 19:01 B D:\Teaching\ECE510\MP_data\RUBIC_DATA\rubic.0.bmp <-- WS_FTP32 /a/fs3/files3/home/yingwu/Teaching/ECE510/MP_data/RUBIC_DATA rubic.0.bmp
103.04.11 19:01 B D:\Teaching\ECE510\MP_data\RUBIC_DATA\rubic.1.bmp <-- WS_FTP32 /a/fs3/files3/home/yingwu/Teaching/ECE510/MP_data/RUBIC_DATA rubic.1.bmp
103.04.11 19:08 B D:\Teaching\ECE510\MP_data\RUBIC_DATA\rubic.19.bmp <-- WS_FTP32 /a/fs3/files3/home/yingwu/Teaching/ECE510/MP_data/RUBIC_DATA rubic.19.bmp
103.04.11 19:08 B D:\Teaching\ECE510\MP_data\RUBIC_DATA\rubic.18.bmp <-- WS_FTP32 /a/fs3/files3/home/yingwu/Teaching/ECE510/MP_data/RUBIC_DATA rubic.18.bmp
103.04.11 19:08 B D:\Teaching\ECE510\MP_data\RUBIC_DATA\rubic.17.bmp <-- WS_FTP32 /a/fs3/files3/home/yingwu/Teaching/ECE510/MP_data/RUBIC_DATA rubic.17.bmp
103.04.11 19:08 B D:\Teaching\ECE510\MP_data\RUBIC_DATA\rubic.16.bmp <-- WS_FTP32 /a/fs3/files3/home/yingwu/Teaching/ECE510/MP_data/RUBIC_DATA rubic.16.bmp
103.04.11 19:08 B D:\Teaching\ECE510\MP_data\RUBIC_DATA\rubic.15.bmp <-- WS_FTP32 /a/fs3/files3/home/yingwu/Teaching/ECE510/MP_data/RUBIC_DATA rubic.15.bmp
103.04.11 19:08 B D:\Teaching\ECE510\MP_data\RUBIC_DATA\rubic.14.bmp <-- WS_FTP32 /a/fs3/files3/home/yingwu/Teaching/ECE510/MP_data/RUBIC_DATA rubic.14.bmp
103.04.11 19:08 B D:\Teaching\ECE510\MP_data\RUBIC_DATA\rubic.13.bmp <-- WS_FTP32 /a/fs3/files3/home/yingwu/Teaching/ECE510/MP_data/RUBIC_DATA rubic.13.bmp
103.04.11 19:08 B D:\Teaching\ECE510\MP_data\RUBIC_DATA\rubic.9.bmp <-- WS_FTP32 /a/fs3/files3/home/yingwu/Teaching/ECE510/MP_data/RUBIC_DATA rubic.9.bmp
103.04.11 19:08 B D:\Teaching\ECE510\MP_data\RUBIC_DATA\rubic.8.bmp <-- WS_FTP32 /a/fs3/files3/home/yingwu/Teaching/ECE510/MP_data/RUBIC_DATA rubic.8.bmp
103.04.11 19:08 B D:\Teaching\ECE510\MP_data\RUBIC_DATA\rubic.7.bmp <-- WS_FTP32 /a/fs3/files3/home/yingwu/Teaching/ECE510/MP_data/RUBIC_DATA rubic.7.bmp
103.04.11 19:08 B D:\Teaching\ECE510\MP_data\RUBIC_DATA\rubic.6.bmp <-- WS_FTP32 /a/fs3/files3/home/yingwu/Teaching/ECE510/MP_data/RUBIC_DATA rubic.6.bmp
103.04.11 19:08 B D:\Teaching\ECE510\MP_data\RUBIC_DATA\rubic.12.bmp <-- WS_FTP32 /a/fs3/files3/home/yingwu/Teaching/ECE510/MP_data/RUBIC_DATA rubic.12.bmp
103.04.11 19:08 B D:\Teaching\ECE510\MP_data\RUBIC_DATA\rubic.11.bmp <-- WS_FTP32 /a/fs3/files3/home/yingwu/Teaching/ECE510/MP_data/RUBIC_DATA rubic.11.bmp
103.04.11 19:08 B D:\Teaching\ECE510\MP_data\RUBIC_DATA\rubic.10.bmp <-- WS_FTP32 /a/fs3/files3/home/yingwu/Teaching/ECE510/MP_data/RUBIC_DATA rubic.10.bmp
103.04.11 19:08 B D:\Teaching\ECE510\MP_data\RUBIC_DATA\rubic.5.bmp <-- WS_FTP32 /a/fs3/files3/home/yingwu/Teaching/ECE510/MP_data/RUBIC_DATA rubic.5.bmp
103.04.11 19:08 B D:\Teaching\ECE510\MP_data\RUBIC_DATA\rubic.4.bmp <-- WS_FTP32 /a/fs3/files3/home/yingwu/Teaching/ECE510/MP_data/RUBIC_DATA rubic.4.bmp
103.04.11 19:08 B D:\Teaching\ECE510\MP_data\RUBIC_DATA\rubic.3.bmp <-- WS_FTP32 /a/fs3/files3/home/yingwu/Teaching/ECE510/MP_data/RUBIC_DATA rubic.3.bmp
103.04.11 19:08 B D:\Teaching\ECE510\MP_data\RUBIC_DATA\rubic.2.bmp <-- WS_FTP32 /a/fs3/files3/home/yingwu/Teaching/ECE510/MP_data/RUBIC_DATA rubic.2.bmp
103.04.11 19:08 B D:\Teaching\ECE510\MP_data\RUBIC_DATA\rubic.-1.bmp <-- WS_FTP32 /a/fs3/files3/home/yingwu/Teaching/ECE510/MP_data/RUBIC_DATA rubic.-1.bmp
103.04.14 22:00 B D:\Teaching\ECE510\MP_data\rubic\rubic.-1 <-- WS_FTP32 /a/fs3/files3/home/yingwu/Teaching/ECE510/MP_data/rubic rubic.-1
103.04.14 22:00 B D:\Teaching\ECE510\MP_data\rubic\rubic.-1.bmp <-- WS_FTP32 /a/fs3/files3/home/yingwu/Teaching/ECE510/MP_data/rubic rubic.-1.bmp
103.04.14 22:00 B D:\Teaching\ECE510\MP_data\rubic\rubic.0 <-- WS_FTP32 /a/fs3/files3/home/yingwu/Teaching/ECE510/MP_data/rubic rubic.0
103.04.14 22:00 B D:\Teaching\ECE510\MP_data\rubic\rubic.0.bmp <-- WS_FTP32 /a/fs3/files3/home/yingwu/Teaching/ECE510/MP_data/rubic rubic.0.bmp
103.04.14 22:00 B D:\Teaching\ECE510\MP_data\rubic\rubic.1 <-- WS_FTP32 /a/fs3/files3/home/yingwu/Teaching/ECE510/MP_data/rubic rubic.1
103.04.14 22:00 B D:\Teaching\ECE510\MP_data\rubic\rubic.1.bmp <-- WS_FTP32 /a/fs3/files3/home/yingwu/Teaching/ECE510/MP_data/rubic rubic.1.bmp
103.04.14 22:00 B D:\Teaching\ECE510\MP_data\rubic\rubic.10 <-- WS_FTP32 /a/fs3/files3/home/yingwu/Teaching/ECE510/MP_data/rubic rubic.10
103.04.14 22:00 B D:\Teaching\ECE510\MP_data\rubic\rubic.10.bmp <-- WS_FTP32 /a/fs3/files3/home/yingwu/Teaching/ECE510/MP_data/rubic rubic.10.bmp
103.04.14 22:00 B D:\Teaching\ECE510\MP_data\rubic\rubic.11 <-- WS_FTP32 /a/fs3/files3/home/yingwu/Teaching/ECE510/MP_data/rubic rubic.11
103.04.14 22:00 B D:\Teaching\ECE510\MP_data\rubic\rubic.11.bmp <-- WS_FTP32 /a/fs3/files3/home/yingwu/Teaching/ECE510/MP_data/rubic rubic.11.bmp
103.04.14 22:00 B D:\Teaching\ECE510\MP_data\rubic\rubic.12 <-- WS_FTP32 /a/fs3/files3/home/yingwu/Teaching/ECE510/MP_data/rubic rubic.12
103.04.14 22:00 B D:\Teaching\ECE510\MP_data\rubic\rubic.12.bmp <-- WS_FTP32 /a/fs3/files3/home/yingwu/Teaching/ECE510/MP_data/rubic rubic.12.bmp
103.04.14 22:00 B D:\Teaching\ECE510\MP_data\rubic\rubic.13 <-- WS_FTP32 /a/fs3/files3/home/yingwu/Teaching/ECE510/MP_data/rubic rubic.13
103.04.14 22:00 B D:\Teaching\ECE510\MP_data\rubic\rubic.13.bmp <-- WS_FTP32 /a/fs3/files3/home/yingwu/Teaching/ECE510/MP_data/rubic rubic.13.bmp
103.04.14 22:01 B D:\Teaching\ECE510\MP_data\rubic\rubic.14 <-- WS_FTP32 /a/fs3/files3/home/yingwu/Teaching/ECE510/MP_data/rubic rubic.14
103.04.14 22:01 B D:\Teaching\ECE510\MP_data\rubic\rubic.14.bmp <-- WS_FTP32 /a/fs3/files3/home/yingwu/Teaching/ECE510/MP_data/rubic rubic.14.bmp
103.04.14 22:01 B D:\Teaching\ECE510\MP_data\rubic\rubic.15 <-- WS_FTP32 /a/fs3/files3/home/yingwu/Teaching/ECE510/MP_data/rubic rubic.15
103.04.14 22:01 B D:\Teaching\ECE510\MP_data\rubic\rubic.15.bmp <-- WS_FTP32 /a/fs3/files3/home/yingwu/Teaching/ECE510/MP_data/rubic rubic.15.bmp
103.04.14 22:01 B D:\Teaching\ECE510\MP_data\rubic\rubic.16 <-- WS_FTP32 /a/fs3/files3/home/yingwu/Teaching/ECE510/MP_data/rubic rubic.16
103.04.14 22:01 B D:\Teaching\ECE510\MP_data\rubic\rubic.16.bmp <-- WS_FTP32 /a/fs3/files3/home/yingwu/Teaching/ECE510/MP_data/rubic rubic.16.bmp
103.04.14 22:01 B D:\Teaching\ECE510\MP_data\rubic\rubic.17 <-- WS_FTP32 /a/fs3/files3/home/yingwu/Teaching/ECE510/MP_data/rubic rubic.17
103.04.14 22:01 B D:\Teaching\ECE510\MP_data\rubic\rubic.17.bmp <-- WS_FTP32 /a/fs3/files3/home/yingwu/Teaching/ECE510/MP_data/rubic rubic.17.bmp
103.04.14 22:01 B D:\Teaching\ECE510\MP_data\rubic\rubic.18 <-- WS_FTP32 /a/fs3/files3/home/yingwu/Teaching/ECE510/MP_data/rubic rubic.18
103.04.14 22:01 B D:\Teaching\ECE510\MP_data\rubic\rubic.18.bmp <-- WS_FTP32 /a/fs3/files3/home/yingwu/Teaching/ECE510/MP_data/rubic rubic.18.bmp
103.04.14 22:01 B D:\Teaching\ECE510\MP_data\rubic\rubic.19 <-- WS_FTP32 /a/fs3/files3/home/yingwu/Teaching/ECE510/MP_data/rubic rubic.19
103.04.14 22:01 B D:\Teaching\ECE510\MP_data\rubic\rubic.19.bmp <-- WS_FTP32 /a/fs3/files3/home/yingwu/Teaching/ECE510/MP_data/rubic rubic.19.bmp
103.04.14 22:01 B D:\Teaching\ECE510\MP_data\rubic\rubic.2 <-- WS_FTP32 /a/fs3/files3/home/yingwu/Teaching/ECE510/MP_data/rubic rubic.2
103.04.14 22:01 B D:\Teaching\ECE510\MP_data\rubic\rubic.2.bmp <-- WS_FTP32 /a/fs3/files3/home/yingwu/Teaching/ECE510/MP_data/rubic rubic.2.bmp
103.04.14 22:01 B D:\Teaching\ECE510\MP_data\rubic\rubic.3 <-- WS_FTP32 /a/fs3/files3/home/yingwu/Teaching/ECE510/MP_data/rubic rubic.3
103.04.14 22:01 B D:\Teaching\ECE510\MP_data\rubic\rubic.3.bmp <-- WS_FTP32 /a/fs3/files3/home/yingwu/Teaching/ECE510/MP_data/rubic rubic.3.bmp
103.04.14 22:01 B D:\Teaching\ECE510\MP_data\rubic\rubic.4 <-- WS_FTP32 /a/fs3/files3/home/yingwu/Teaching/ECE510/MP_data/rubic rubic.4
103.04.14 22:01 B D:\Teaching\ECE510\MP_data\rubic\rubic.4.bmp <-- WS_FTP32 /a/fs3/files3/home/yingwu/Teaching/ECE510/MP_data/rubic rubic.4.bmp
103.04.14 22:01 B D:\Teaching\ECE510\MP_data\rubic\rubic.5 <-- WS_FTP32 /a/fs3/files3/home/yingwu/Teaching/ECE510/MP_data/rubic rubic.5
103.04.14 22:01 B D:\Teaching\ECE510\MP_data\rubic\rubic.5.bmp <-- WS_FTP32 /a/fs3/files3/home/yingwu/Teaching/ECE510/MP_data/rubic rubic.5.bmp
103.04.14 22:01 B D:\Teaching\ECE510\MP_data\rubic\rubic.6 <-- WS_FTP32 /a/fs3/files3/home/yingwu/Teaching/ECE510/MP_data/rubic rubic.6
103.04.14 22:01 B D:\Teaching\ECE510\MP_data\rubic\rubic.6.bmp <-- WS_FTP32 /a/fs3/files3/home/yingwu/Teaching/ECE510/MP_data/rubic rubic.6.bmp
103.04.14 22:01 B D:\Teaching\ECE510\MP_data\rubic\rubic.7 <-- WS_FTP32 /a/fs3/files3/home/yingwu/Teaching/ECE510/MP_data/rubic rubic.7
103.04.14 22:01 B D:\Teaching\ECE510\MP_data\rubic\rubic.7.bmp <-- WS_FTP32 /a/fs3/files3/home/yingwu/Teaching/ECE510/MP_data/rubic rubic.7.bmp
103.04.14 22:01 B D:\Teaching\ECE510\MP_data\rubic\rubic.8 <-- WS_FTP32 /a/fs3/files3/home/yingwu/Teaching/ECE510/MP_data/rubic rubic.8
103.04.14 22:01 B D:\Teaching\ECE510\MP_data\rubic\rubic.8.bmp <-- WS_FTP32 /a/fs3/files3/home/yingwu/Teaching/ECE510/MP_data/rubic rubic.8.bmp
103.04.14 22:01 B D:\Teaching\ECE510\MP_data\rubic\rubic.9 <-- WS_FTP32 /a/fs3/files3/home/yingwu/Teaching/ECE510/MP_data/rubic rubic.9
103.04.14 22:01 B D:\Teaching\ECE510\MP_data\rubic\rubic.9.bmp <-- WS_FTP32 /a/fs3/files3/home/yingwu/Teaching/ECE510/MP_data/rubic rubic.9.bmp
